<?xml version="1.0" encoding="UTF-8"?>
<!-- Generated by org.testng.reporters.JUnitXMLReporter -->
<testsuite hostname="LAPTOP-E88RJT0D" failures="0" tests="6" name="Default test" time="0.703" errors="0" timestamp="10 Sep 2020 12:25:12 GMT">
  <testcase classname="frameworkDriver.Driver" name="driverMtd" time="0.084"/>
  <testcase classname="frameworkDriver.Driver" name="driverMtd" time="0.018"/>
  <testcase classname="frameworkDriver.Driver" name="driverMtd" time="0.025"/>
  <testcase classname="frameworkDriver.Driver" name="driverMtd" time="0.025"/>
  <testcase classname="frameworkDriver.Driver" name="driverMtd" time="0.025"/>
  <testcase classname="frameworkDriver.Driver" name="driverMtd" time="0.028"/>
</testsuite> <!-- Default test -->
