<?xml version="1.0" encoding="UTF-8"?>
<testng-results total="6" passed="6" failed="0" skipped="0">
  <reporter-output>
  </reporter-output>
  <suite started-at="2020-09-10T12:25:11Z" name="Default suite" finished-at="2020-09-10T12:25:12Z" duration-ms="703">
    <groups>
    </groups>
    <test started-at="2020-09-10T12:25:11Z" name="Default test" finished-at="2020-09-10T12:25:12Z" duration-ms="703">
      <class name="frameworkDriver.Driver">
        <test-method signature="driverMtd(java.lang.String, java.lang.String, java.lang.String, java.lang.String)[pri:0, instance:frameworkDriver.Driver@6253c26]" started-at="2020-09-10T17:55:11Z" name="driverMtd" data-provider="readExecutionSheet" finished-at="2020-09-10T17:55:11Z" duration-ms="84" status="PASS">
          <params>
            <param index="0">
              <value>
                <![CDATA[1]]>
              </value>
            </param>
            <param index="1">
              <value>
                <![CDATA[Yes]]>
              </value>
            </param>
            <param index="2">
              <value>
                <![CDATA[Script1]]>
              </value>
            </param>
            <param index="3">
              <value>
                <![CDATA[1]]>
              </value>
            </param>
          </params>
          <reporter-output>
          </reporter-output>
        </test-method> <!-- driverMtd -->
        <test-method signature="driverMtd(java.lang.String, java.lang.String, java.lang.String, java.lang.String)[pri:0, instance:frameworkDriver.Driver@6253c26]" started-at="2020-09-10T17:55:11Z" name="driverMtd" data-provider="readExecutionSheet" finished-at="2020-09-10T17:55:11Z" duration-ms="18" status="PASS">
          <params>
            <param index="0">
              <value>
                <![CDATA[2]]>
              </value>
            </param>
            <param index="1">
              <value>
                <![CDATA[No]]>
              </value>
            </param>
            <param index="2">
              <value>
                <![CDATA[Script2]]>
              </value>
            </param>
            <param index="3">
              <value>
                <![CDATA[1]]>
              </value>
            </param>
          </params>
          <reporter-output>
          </reporter-output>
        </test-method> <!-- driverMtd -->
        <test-method signature="driverMtd(java.lang.String, java.lang.String, java.lang.String, java.lang.String)[pri:0, instance:frameworkDriver.Driver@6253c26]" started-at="2020-09-10T17:55:11Z" name="driverMtd" data-provider="readExecutionSheet" finished-at="2020-09-10T17:55:11Z" duration-ms="25" status="PASS">
          <params>
            <param index="0">
              <value>
                <![CDATA[3]]>
              </value>
            </param>
            <param index="1">
              <value>
                <![CDATA[No]]>
              </value>
            </param>
            <param index="2">
              <value>
                <![CDATA[Script3]]>
              </value>
            </param>
            <param index="3">
              <value>
                <![CDATA[1]]>
              </value>
            </param>
          </params>
          <reporter-output>
          </reporter-output>
        </test-method> <!-- driverMtd -->
        <test-method signature="driverMtd(java.lang.String, java.lang.String, java.lang.String, java.lang.String)[pri:0, instance:frameworkDriver.Driver@6253c26]" started-at="2020-09-10T17:55:11Z" name="driverMtd" data-provider="readExecutionSheet" finished-at="2020-09-10T17:55:12Z" duration-ms="25" status="PASS">
          <params>
            <param index="0">
              <value>
                <![CDATA[4]]>
              </value>
            </param>
            <param index="1">
              <value>
                <![CDATA[No]]>
              </value>
            </param>
            <param index="2">
              <value>
                <![CDATA[Script4]]>
              </value>
            </param>
            <param index="3">
              <value>
                <![CDATA[1]]>
              </value>
            </param>
          </params>
          <reporter-output>
          </reporter-output>
        </test-method> <!-- driverMtd -->
        <test-method signature="driverMtd(java.lang.String, java.lang.String, java.lang.String, java.lang.String)[pri:0, instance:frameworkDriver.Driver@6253c26]" started-at="2020-09-10T17:55:12Z" name="driverMtd" data-provider="readExecutionSheet" finished-at="2020-09-10T17:55:12Z" duration-ms="25" status="PASS">
          <params>
            <param index="0">
              <value>
                <![CDATA[5]]>
              </value>
            </param>
            <param index="1">
              <value>
                <![CDATA[No]]>
              </value>
            </param>
            <param index="2">
              <value>
                <![CDATA[Script5]]>
              </value>
            </param>
            <param index="3">
              <value>
                <![CDATA[1]]>
              </value>
            </param>
          </params>
          <reporter-output>
          </reporter-output>
        </test-method> <!-- driverMtd -->
        <test-method signature="driverMtd(java.lang.String, java.lang.String, java.lang.String, java.lang.String)[pri:0, instance:frameworkDriver.Driver@6253c26]" started-at="2020-09-10T17:55:12Z" name="driverMtd" data-provider="readExecutionSheet" finished-at="2020-09-10T17:55:12Z" duration-ms="28" status="PASS">
          <params>
            <param index="0">
              <value>
                <![CDATA[6]]>
              </value>
            </param>
            <param index="1">
              <value>
                <![CDATA[No]]>
              </value>
            </param>
            <param index="2">
              <value>
                <![CDATA[Script6]]>
              </value>
            </param>
            <param index="3">
              <value>
                <![CDATA[1]]>
              </value>
            </param>
          </params>
          <reporter-output>
          </reporter-output>
        </test-method> <!-- driverMtd -->
      </class> <!-- frameworkDriver.Driver -->
    </test> <!-- Default test -->
  </suite> <!-- Default suite -->
</testng-results>
